Log file open, 06/12/15 19:28:57
LogInit:Display: Running engine for game: GoRight
LogInit: Version: 4.7.6-2513093+++depot+UE4-Releases+4.7
LogInit: API Version: 2455222
LogInit: Compiled (64-bit): Apr 15 2015 12:09:54
LogInit: Compiled with Visual C++: 18.00.21005.01
LogInit: Build Configuration: Development
LogInit: Branch Name: ++depot+UE4-Releases+4.7
LogInit: Command line:  /Temp/Autosaves/Game/Maps/UEDPClvl1 -game -PIEVIACONSOLE -ResX=1280 -ResY=720  -Multiprocess 
LogInit: Base directory: D:/Logiciels/Unreal Engine 4/Epic Games/4.7/Engine/Binaries/Win64/
LogInit: Rocket: 1
[2015.06.12-17.28.57:010][  0]LogTaskGraph: Started task graph with 3 named threads and 6 total threads.
[2015.06.12-17.28.57:070][  0]LogOnline:Warning: No default platform service specified for OnlineSubsystem
[2015.06.12-17.28.57:087][  0]LogInit: Presizing for 0 objects not considered by GC, pre-allocating 0 bytes.
[2015.06.12-17.28.57:101][  0]LogInit: Object subsystem initialized
[2015.06.12-17.28.57:104][  0]LogConsoleResponse:Warning: Skipping Unknown console variable: 'TranslucentSortAxis = (X=0.000000,Y=-1.000000,Z=0.000000)'
[2015.06.12-17.28.57:104][  0]LogConsoleResponse:Warning:   Found in ini file 'D:/Cours/Labo/GoRight-master/GoRight-master/Saved/Config/Windows/Engine.ini', in section '[/Script/Engine.RendererSettings]'
[2015.06.12-17.28.57:104][  0]LogConsoleResponse:Warning: Skipping Unknown console variable: 'UIScaleRule = ShortestSide'
[2015.06.12-17.28.57:104][  0]LogConsoleResponse:Warning:   Found in ini file 'D:/Cours/Labo/GoRight-master/GoRight-master/Saved/Config/Windows/Engine.ini', in section '[/Script/Engine.RendererSettings]'
[2015.06.12-17.28.57:104][  0]LogConsoleResponse:Warning: Skipping Unknown console variable: 'UIScaleCurve = (EditorCurveData=(Keys=),ExternalCurve=None)'
[2015.06.12-17.28.57:104][  0]LogConsoleResponse:Warning:   Found in ini file 'D:/Cours/Labo/GoRight-master/GoRight-master/Saved/Config/Windows/Engine.ini', in section '[/Script/Engine.RendererSettings]'
[2015.06.12-17.28.57:105][  0]LogInit: Selected Device Profile: [Windows]
[2015.06.12-17.28.57:105][  0]LogInit: Applying CVar settings loaded from the selected device profile: [Windows]
[2015.06.12-17.28.57:112][  0]LogInit: Computer: PORTABLE-MAXIME
[2015.06.12-17.28.57:112][  0]LogInit: User: Maxime
[2015.06.12-17.28.57:112][  0]LogInit: CPU Page size=4096, Cores=4
[2015.06.12-17.28.57:112][  0]LogInit: High frequency timer resolution =2.241004 MHz
[2015.06.12-17.28.57:112][  0]LogMemory: Memory total: Physical=15.9GB (16GB approx) Virtual=131072.0GB
[2015.06.12-17.28.57:112][  0]LogMemory: Platform Memory Stats for Windows
[2015.06.12-17.28.57:112][  0]LogMemory: Process Physical Memory: 46.87 MB used, 46.87 MB peak
[2015.06.12-17.28.57:112][  0]LogMemory: Process Virtual Memory: 24.92 MB used, 24.93 MB peak
[2015.06.12-17.28.57:112][  0]LogMemory: Physical Memory: 4477.25 MB used, 16276.80 MB total
[2015.06.12-17.28.57:112][  0]LogMemory: Virtual Memory: 292.08 MB used, 134217728.00 MB total
[2015.06.12-17.28.57:163][  0]LogD3D11RHI: Found D3D11 adapter 0: Intel(R) HD Graphics 4000 (Feature Level 11_0)
[2015.06.12-17.28.57:163][  0]LogD3D11RHI: Adapter has 965MB of dedicated video memory, 0MB of dedicated system memory, and 3072MB of shared system memory, 1 output[s]
[2015.06.12-17.28.57:184][  0]LogD3D11RHI: Found D3D11 adapter 1: NVIDIA GeForce GT 650M  (Feature Level 11_0)
[2015.06.12-17.28.57:184][  0]LogD3D11RHI: Adapter has 965MB of dedicated video memory, 0MB of dedicated system memory, and 3072MB of shared system memory, 0 output[s]
[2015.06.12-17.28.57:187][  0]LogD3D11RHI: Found D3D11 adapter 2: Microsoft Basic Render Driver (Feature Level 11_0)
[2015.06.12-17.28.57:187][  0]LogD3D11RHI: Adapter has 965MB of dedicated video memory, 0MB of dedicated system memory, and 3072MB of shared system memory, 0 output[s]
[2015.06.12-17.28.57:187][  0]LogD3D11RHI: Chosen D3D11 Adapter Id = 0
[2015.06.12-17.28.57:197][  0]LogRHI: Texture pool is 1361 MB (70% of 1945 MB)
[2015.06.12-17.28.57:214][ 